<?xml version="1.0" encoding="UTF-8"?>
<!-- Generated by org.testng.reporters.JUnitXMLReporter -->
<testsuite ignored="0" hostname="Kaloyan" failures="0" tests="11" name="TestChrome" time="364.666" errors="0" timestamp="2024-04-24T08:26:03 EEST">
  <testcase classname="musala.test.TestCases" name="testCase1" time="0.578"/>
  <testcase classname="musala.test.TestCases" name="testCase1" time="1.785"/>
  <testcase classname="musala.test.TestCases" name="testCase1" time="2.663"/>
  <testcase classname="musala.test.TestCases" name="testCase1" time="2.429"/>
  <testcase classname="musala.test.TestCases" name="testCase1" time="3.013"/>
  <testcase classname="musala.test.TestCases" name="testCase2" time="4.391"/>
  <testcase classname="musala.test.TestCases" name="testCase3" time="12.459"/>
  <testcase classname="musala.test.TestCases" name="testCase3" time="11.594"/>
  <testcase classname="musala.test.TestCases" name="testCase3" time="9.979"/>
  <testcase classname="musala.test.TestCases" name="testCase3" time="11.769"/>
  <testcase classname="musala.test.TestCases" name="testCase4" time="9.943"/>
</testsuite> <!-- TestChrome -->
