<?xml version="1.0" encoding="UTF-8"?>
<!-- Generated by org.testng.reporters.JUnitXMLReporter -->
<testsuite ignored="0" hostname="Kaloyan" failures="0" tests="11" name="Test1" time="104.72" errors="0" timestamp="2024-04-12T19:28:33 EEST">
  <testcase classname="musala.test.TestCases" name="testCase1" time="4.022"/>
  <testcase classname="musala.test.TestCases" name="testCase1" time="4.404"/>
  <testcase classname="musala.test.TestCases" name="testCase1" time="3.988"/>
  <testcase classname="musala.test.TestCases" name="testCase1" time="3.998"/>
  <testcase classname="musala.test.TestCases" name="testCase1" time="3.986"/>
  <testcase classname="musala.test.TestCases" name="testCase2" time="7.002"/>
  <testcase classname="musala.test.TestCases" name="testCase3" time="11.576"/>
  <testcase classname="musala.test.TestCases" name="testCase3" time="11.352"/>
  <testcase classname="musala.test.TestCases" name="testCase3" time="11.454"/>
  <testcase classname="musala.test.TestCases" name="testCase3" time="11.756"/>
  <testcase classname="musala.test.TestCases" name="testCase4" time="12.763"/>
</testsuite> <!-- Test1 -->
