<?xml version="1.0" encoding="UTF-8"?>
<!-- Generated by org.testng.reporters.JUnitXMLReporter -->
<testsuite ignored="0" hostname="Kaloyan" failures="0" tests="11" name="TestChrome" time="111.571" errors="0" timestamp="2024-04-16T16:51:13 EEST">
  <testcase classname="musala.test.TestCases" name="testCase1" time="1.48"/>
  <testcase classname="musala.test.TestCases" name="testCase1" time="0.663"/>
  <testcase classname="musala.test.TestCases" name="testCase1" time="1.5"/>
  <testcase classname="musala.test.TestCases" name="testCase1" time="1.613"/>
  <testcase classname="musala.test.TestCases" name="testCase1" time="1.275"/>
  <testcase classname="musala.test.TestCases" name="testCase2" time="3.016"/>
  <testcase classname="musala.test.TestCases" name="testCase3" time="7.481"/>
  <testcase classname="musala.test.TestCases" name="testCase3" time="7.24"/>
  <testcase classname="musala.test.TestCases" name="testCase3" time="7.844"/>
  <testcase classname="musala.test.TestCases" name="testCase3" time="7.423"/>
  <testcase classname="musala.test.TestCases" name="testCase4" time="8.466"/>
</testsuite> <!-- TestChrome -->
