<?xml version="1.0" encoding="UTF-8"?>
<testng-results ignored="0" total="11" passed="11" failed="0" skipped="0">
  <reporter-output>
  </reporter-output>
  <suite started-at="2024-04-12T21:37:27 EEST" name="Tests" finished-at="2024-04-12T21:39:21 EEST" duration-ms="113940">
    <groups>
    </groups>
    <test started-at="2024-04-12T21:37:27 EEST" name="TestChrome" finished-at="2024-04-12T21:39:21 EEST" duration-ms="113940">
      <class name="musala.test.TestCases">
        <test-method is-config="true" signature="initialize(java.lang.String,java.lang.String)[pri:0, instance:musala.test.TestCases@6404f418]" started-at="2024-04-12T21:37:27 EEST" name="initialize" finished-at="2024-04-12T21:37:29 EEST" duration-ms="2309" status="PASS">
          <params>
            <param index="0">
              <value>
                <![CDATA[chrome]]>
              </value>
            </param>
            <param index="1">
              <value>
                <![CDATA[https://www.musala.com/]]>
              </value>
            </param>
          </params>
          <reporter-output>
          </reporter-output>
        </test-method> <!-- initialize -->
        <test-method signature="testCase1(java.lang.String)[pri:0, instance:musala.test.TestCases@6404f418]" started-at="2024-04-12T21:37:29 EEST" name="testCase1" data-provider="jason_parsing" finished-at="2024-04-12T21:37:34 EEST" duration-ms="4398" status="PASS">
          <params>
            <param index="0">
              <value>
                <![CDATA[test.test]]>
              </value>
            </param>
          </params>
          <reporter-output>
          </reporter-output>
        </test-method> <!-- testCase1 -->
        <test-method is-config="true" signature="afterClass()[pri:0, instance:musala.test.TestCases@6404f418]" started-at="2024-04-12T21:37:34 EEST" name="afterClass" finished-at="2024-04-12T21:37:34 EEST" duration-ms="160" status="PASS">
          <reporter-output>
          </reporter-output>
        </test-method> <!-- afterClass -->
        <test-method is-config="true" signature="initialize(java.lang.String,java.lang.String)[pri:0, instance:musala.test.TestCases@6404f418]" started-at="2024-04-12T21:37:34 EEST" name="initialize" finished-at="2024-04-12T21:37:36 EEST" duration-ms="1600" status="PASS">
          <params>
            <param index="0">
              <value>
                <![CDATA[chrome]]>
              </value>
            </param>
            <param index="1">
              <value>
                <![CDATA[https://www.musala.com/]]>
              </value>
            </param>
          </params>
          <reporter-output>
          </reporter-output>
        </test-method> <!-- initialize -->
        <test-method signature="testCase1(java.lang.String)[pri:0, instance:musala.test.TestCases@6404f418]" started-at="2024-04-12T21:37:36 EEST" name="testCase1" data-provider="jason_parsing" finished-at="2024-04-12T21:37:40 EEST" duration-ms="4431" status="PASS">
          <params>
            <param index="0">
              <value>
                <![CDATA[test@test]]>
              </value>
            </param>
          </params>
          <reporter-output>
          </reporter-output>
        </test-method> <!-- testCase1 -->
        <test-method is-config="true" signature="afterClass()[pri:0, instance:musala.test.TestCases@6404f418]" started-at="2024-04-12T21:37:40 EEST" name="afterClass" finished-at="2024-04-12T21:37:40 EEST" duration-ms="152" status="PASS">
          <reporter-output>
          </reporter-output>
        </test-method> <!-- afterClass -->
        <test-method is-config="true" signature="initialize(java.lang.String,java.lang.String)[pri:0, instance:musala.test.TestCases@6404f418]" started-at="2024-04-12T21:37:40 EEST" name="initialize" finished-at="2024-04-12T21:37:42 EEST" duration-ms="1569" status="PASS">
          <params>
            <param index="0">
              <value>
                <![CDATA[chrome]]>
              </value>
            </param>
            <param index="1">
              <value>
                <![CDATA[https://www.musala.com/]]>
              </value>
            </param>
          </params>
          <reporter-output>
          </reporter-output>
        </test-method> <!-- initialize -->
        <test-method signature="testCase1(java.lang.String)[pri:0, instance:musala.test.TestCases@6404f418]" started-at="2024-04-12T21:37:42 EEST" name="testCase1" data-provider="jason_parsing" finished-at="2024-04-12T21:37:46 EEST" duration-ms="4536" status="PASS">
          <params>
            <param index="0">
              <value>
                <![CDATA[test@1234]]>
              </value>
            </param>
          </params>
          <reporter-output>
          </reporter-output>
        </test-method> <!-- testCase1 -->
        <test-method is-config="true" signature="afterClass()[pri:0, instance:musala.test.TestCases@6404f418]" started-at="2024-04-12T21:37:46 EEST" name="afterClass" finished-at="2024-04-12T21:37:46 EEST" duration-ms="144" status="PASS">
          <reporter-output>
          </reporter-output>
        </test-method> <!-- afterClass -->
        <test-method is-config="true" signature="initialize(java.lang.String,java.lang.String)[pri:0, instance:musala.test.TestCases@6404f418]" started-at="2024-04-12T21:37:46 EEST" name="initialize" finished-at="2024-04-12T21:37:48 EEST" duration-ms="1677" status="PASS">
          <params>
            <param index="0">
              <value>
                <![CDATA[chrome]]>
              </value>
            </param>
            <param index="1">
              <value>
                <![CDATA[https://www.musala.com/]]>
              </value>
            </param>
          </params>
          <reporter-output>
          </reporter-output>
        </test-method> <!-- initialize -->
        <test-method signature="testCase1(java.lang.String)[pri:0, instance:musala.test.TestCases@6404f418]" started-at="2024-04-12T21:37:48 EEST" name="testCase1" data-provider="jason_parsing" finished-at="2024-04-12T21:37:53 EEST" duration-ms="5254" status="PASS">
          <params>
            <param index="0">
              <value>
                <![CDATA[test]]>
              </value>
            </param>
          </params>
          <reporter-output>
          </reporter-output>
        </test-method> <!-- testCase1 -->
        <test-method is-config="true" signature="afterClass()[pri:0, instance:musala.test.TestCases@6404f418]" started-at="2024-04-12T21:37:53 EEST" name="afterClass" finished-at="2024-04-12T21:37:54 EEST" duration-ms="150" status="PASS">
          <reporter-output>
          </reporter-output>
        </test-method> <!-- afterClass -->
        <test-method is-config="true" signature="initialize(java.lang.String,java.lang.String)[pri:0, instance:musala.test.TestCases@6404f418]" started-at="2024-04-12T21:37:54 EEST" name="initialize" finished-at="2024-04-12T21:37:55 EEST" duration-ms="1715" status="PASS">
          <params>
            <param index="0">
              <value>
                <![CDATA[chrome]]>
              </value>
            </param>
            <param index="1">
              <value>
                <![CDATA[https://www.musala.com/]]>
              </value>
            </param>
          </params>
          <reporter-output>
          </reporter-output>
        </test-method> <!-- initialize -->
        <test-method signature="testCase1(java.lang.String)[pri:0, instance:musala.test.TestCases@6404f418]" started-at="2024-04-12T21:37:55 EEST" name="testCase1" data-provider="jason_parsing" finished-at="2024-04-12T21:37:59 EEST" duration-ms="4093" status="PASS">
          <params>
            <param index="0">
              <value>
                <![CDATA[@#$@1]]>
              </value>
            </param>
          </params>
          <reporter-output>
          </reporter-output>
        </test-method> <!-- testCase1 -->
        <test-method is-config="true" signature="afterClass()[pri:0, instance:musala.test.TestCases@6404f418]" started-at="2024-04-12T21:37:59 EEST" name="afterClass" finished-at="2024-04-12T21:37:59 EEST" duration-ms="169" status="PASS">
          <reporter-output>
          </reporter-output>
        </test-method> <!-- afterClass -->
        <test-method is-config="true" signature="initialize(java.lang.String,java.lang.String)[pri:0, instance:musala.test.TestCases@6404f418]" started-at="2024-04-12T21:37:59 EEST" name="initialize" finished-at="2024-04-12T21:38:01 EEST" duration-ms="1737" status="PASS">
          <params>
            <param index="0">
              <value>
                <![CDATA[chrome]]>
              </value>
            </param>
            <param index="1">
              <value>
                <![CDATA[https://www.musala.com/]]>
              </value>
            </param>
          </params>
          <reporter-output>
          </reporter-output>
        </test-method> <!-- initialize -->
        <test-method signature="testCase2()[pri:0, instance:musala.test.TestCases@6404f418]" started-at="2024-04-12T21:38:01 EEST" name="testCase2" finished-at="2024-04-12T21:38:09 EEST" duration-ms="7831" status="PASS">
          <reporter-output>
          </reporter-output>
        </test-method> <!-- testCase2 -->
        <test-method is-config="true" signature="afterClass()[pri:0, instance:musala.test.TestCases@6404f418]" started-at="2024-04-12T21:38:09 EEST" name="afterClass" finished-at="2024-04-12T21:38:09 EEST" duration-ms="179" status="PASS">
          <reporter-output>
          </reporter-output>
        </test-method> <!-- afterClass -->
        <test-method is-config="true" signature="initialize(java.lang.String,java.lang.String)[pri:0, instance:musala.test.TestCases@6404f418]" started-at="2024-04-12T21:38:09 EEST" name="initialize" finished-at="2024-04-12T21:38:11 EEST" duration-ms="1593" status="PASS">
          <params>
            <param index="0">
              <value>
                <![CDATA[chrome]]>
              </value>
            </param>
            <param index="1">
              <value>
                <![CDATA[https://www.musala.com/]]>
              </value>
            </param>
          </params>
          <reporter-output>
          </reporter-output>
        </test-method> <!-- initialize -->
        <test-method signature="testCase3(java.lang.String,java.lang.String,java.lang.String,java.lang.String,java.lang.String)[pri:0, instance:musala.test.TestCases@6404f418]" started-at="2024-04-12T21:38:11 EEST" name="testCase3" data-provider="applyData" finished-at="2024-04-12T21:38:23 EEST" duration-ms="11982" status="PASS">
          <params>
            <param index="0">
              <value>
                <![CDATA[Kaloyan]]>
              </value>
            </param>
            <param index="1">
              <value>
                <![CDATA[kaloyan.dzhongov@gmail.com]]>
              </value>
            </param>
            <param index="2">
              <value>
                <![CDATA[0888033498]]>
              </value>
            </param>
            <param index="3">
              <value>
                <![CDATA[www.linkedin.com/in/kaloyan-dzhongov-360603132]]>
              </value>
            </param>
            <param index="4">
              <value>
                <![CDATA[Test Message]]>
              </value>
            </param>
          </params>
          <reporter-output>
          </reporter-output>
        </test-method> <!-- testCase3 -->
        <test-method is-config="true" signature="afterClass()[pri:0, instance:musala.test.TestCases@6404f418]" started-at="2024-04-12T21:38:23 EEST" name="afterClass" finished-at="2024-04-12T21:38:23 EEST" duration-ms="154" status="PASS">
          <reporter-output>
          </reporter-output>
        </test-method> <!-- afterClass -->
        <test-method is-config="true" signature="initialize(java.lang.String,java.lang.String)[pri:0, instance:musala.test.TestCases@6404f418]" started-at="2024-04-12T21:38:23 EEST" name="initialize" finished-at="2024-04-12T21:38:25 EEST" duration-ms="1776" status="PASS">
          <params>
            <param index="0">
              <value>
                <![CDATA[chrome]]>
              </value>
            </param>
            <param index="1">
              <value>
                <![CDATA[https://www.musala.com/]]>
              </value>
            </param>
          </params>
          <reporter-output>
          </reporter-output>
        </test-method> <!-- initialize -->
        <test-method signature="testCase3(java.lang.String,java.lang.String,java.lang.String,java.lang.String,java.lang.String)[pri:0, instance:musala.test.TestCases@6404f418]" started-at="2024-04-12T21:38:25 EEST" name="testCase3" data-provider="applyData" finished-at="2024-04-12T21:38:37 EEST" duration-ms="12157" status="PASS">
          <params>
            <param index="0">
              <value>
                <![CDATA[]]>
              </value>
            </param>
            <param index="1">
              <value>
                <![CDATA[kaloyan.dzhongov@gmail]]>
              </value>
            </param>
            <param index="2">
              <value>
                <![CDATA[]]>
              </value>
            </param>
            <param index="3">
              <value>
                <![CDATA[]]>
              </value>
            </param>
            <param index="4">
              <value>
                <![CDATA[Test Message]]>
              </value>
            </param>
          </params>
          <reporter-output>
          </reporter-output>
        </test-method> <!-- testCase3 -->
        <test-method is-config="true" signature="afterClass()[pri:0, instance:musala.test.TestCases@6404f418]" started-at="2024-04-12T21:38:37 EEST" name="afterClass" finished-at="2024-04-12T21:38:37 EEST" duration-ms="152" status="PASS">
          <reporter-output>
          </reporter-output>
        </test-method> <!-- afterClass -->
        <test-method is-config="true" signature="initialize(java.lang.String,java.lang.String)[pri:0, instance:musala.test.TestCases@6404f418]" started-at="2024-04-12T21:38:37 EEST" name="initialize" finished-at="2024-04-12T21:38:39 EEST" duration-ms="1647" status="PASS">
          <params>
            <param index="0">
              <value>
                <![CDATA[chrome]]>
              </value>
            </param>
            <param index="1">
              <value>
                <![CDATA[https://www.musala.com/]]>
              </value>
            </param>
          </params>
          <reporter-output>
          </reporter-output>
        </test-method> <!-- initialize -->
        <test-method signature="testCase3(java.lang.String,java.lang.String,java.lang.String,java.lang.String,java.lang.String)[pri:0, instance:musala.test.TestCases@6404f418]" started-at="2024-04-12T21:38:39 EEST" name="testCase3" data-provider="applyData" finished-at="2024-04-12T21:38:51 EEST" duration-ms="12562" status="PASS">
          <params>
            <param index="0">
              <value>
                <![CDATA[Kaloyan]]>
              </value>
            </param>
            <param index="1">
              <value>
                <![CDATA[]]>
              </value>
            </param>
            <param index="2">
              <value>
                <![CDATA[0888033498]]>
              </value>
            </param>
            <param index="3">
              <value>
                <![CDATA[www.linkedin.com/in/kaloyan-dzhongov-360603132]]>
              </value>
            </param>
            <param index="4">
              <value>
                <![CDATA[]]>
              </value>
            </param>
          </params>
          <reporter-output>
          </reporter-output>
        </test-method> <!-- testCase3 -->
        <test-method is-config="true" signature="afterClass()[pri:0, instance:musala.test.TestCases@6404f418]" started-at="2024-04-12T21:38:51 EEST" name="afterClass" finished-at="2024-04-12T21:38:51 EEST" duration-ms="168" status="PASS">
          <reporter-output>
          </reporter-output>
        </test-method> <!-- afterClass -->
        <test-method is-config="true" signature="initialize(java.lang.String,java.lang.String)[pri:0, instance:musala.test.TestCases@6404f418]" started-at="2024-04-12T21:38:51 EEST" name="initialize" finished-at="2024-04-12T21:38:53 EEST" duration-ms="1739" status="PASS">
          <params>
            <param index="0">
              <value>
                <![CDATA[chrome]]>
              </value>
            </param>
            <param index="1">
              <value>
                <![CDATA[https://www.musala.com/]]>
              </value>
            </param>
          </params>
          <reporter-output>
          </reporter-output>
        </test-method> <!-- initialize -->
        <test-method signature="testCase3(java.lang.String,java.lang.String,java.lang.String,java.lang.String,java.lang.String)[pri:0, instance:musala.test.TestCases@6404f418]" started-at="2024-04-12T21:38:53 EEST" name="testCase3" data-provider="applyData" finished-at="2024-04-12T21:39:06 EEST" duration-ms="12924" status="PASS">
          <params>
            <param index="0">
              <value>
                <![CDATA[]]>
              </value>
            </param>
            <param index="1">
              <value>
                <![CDATA[kaloyan.dzhongov@gmail.com]]>
              </value>
            </param>
            <param index="2">
              <value>
                <![CDATA[0888033498]]>
              </value>
            </param>
            <param index="3">
              <value>
                <![CDATA[www.linkedin.com/in/kaloyan-dzhongov-360603132]]>
              </value>
            </param>
            <param index="4">
              <value>
                <![CDATA[]]>
              </value>
            </param>
          </params>
          <reporter-output>
          </reporter-output>
        </test-method> <!-- testCase3 -->
        <test-method is-config="true" signature="afterClass()[pri:0, instance:musala.test.TestCases@6404f418]" started-at="2024-04-12T21:39:06 EEST" name="afterClass" finished-at="2024-04-12T21:39:06 EEST" duration-ms="161" status="PASS">
          <reporter-output>
          </reporter-output>
        </test-method> <!-- afterClass -->
        <test-method is-config="true" signature="initialize(java.lang.String,java.lang.String)[pri:0, instance:musala.test.TestCases@6404f418]" started-at="2024-04-12T21:39:06 EEST" name="initialize" finished-at="2024-04-12T21:39:08 EEST" duration-ms="1638" status="PASS">
          <params>
            <param index="0">
              <value>
                <![CDATA[chrome]]>
              </value>
            </param>
            <param index="1">
              <value>
                <![CDATA[https://www.musala.com/]]>
              </value>
            </param>
          </params>
          <reporter-output>
          </reporter-output>
        </test-method> <!-- initialize -->
        <test-method signature="testCase4()[pri:0, instance:musala.test.TestCases@6404f418]" started-at="2024-04-12T21:39:08 EEST" name="testCase4" finished-at="2024-04-12T21:39:21 EEST" duration-ms="12980" status="PASS">
          <reporter-output>
          </reporter-output>
        </test-method> <!-- testCase4 -->
        <test-method is-config="true" signature="afterClass()[pri:0, instance:musala.test.TestCases@6404f418]" started-at="2024-04-12T21:39:21 EEST" name="afterClass" finished-at="2024-04-12T21:39:21 EEST" duration-ms="144" status="PASS">
          <reporter-output>
          </reporter-output>
        </test-method> <!-- afterClass -->
      </class> <!-- musala.test.TestCases -->
    </test> <!-- TestChrome -->
  </suite> <!-- Tests -->
</testng-results>
