<?xml version="1.0" encoding="UTF-8"?>
<testng-results ignored="0" total="11" passed="11" failed="0" skipped="0">
  <reporter-output>
  </reporter-output>
  <suite started-at="2024-04-23T23:32:43 EEST" name="Tests" finished-at="2024-04-23T23:34:35 EEST" duration-ms="111215">
    <groups>
    </groups>
    <test started-at="2024-04-23T23:32:43 EEST" name="TestChrome" finished-at="2024-04-23T23:34:35 EEST" duration-ms="111215">
      <class name="musala.test.TestCases">
        <test-method is-config="true" signature="initialize(java.lang.String,java.lang.String)[pri:0, instance:musala.test.TestCases@7161d8d1]" started-at="2024-04-23T23:32:43 EEST" name="initialize" finished-at="2024-04-23T23:32:49 EEST" duration-ms="5930" status="PASS">
          <params>
            <param index="0">
              <value>
                <![CDATA[chrome]]>
              </value>
            </param>
            <param index="1">
              <value>
                <![CDATA[https://www.musala.com/]]>
              </value>
            </param>
          </params>
          <reporter-output>
          </reporter-output>
        </test-method> <!-- initialize -->
        <test-method signature="testCase1(java.lang.String)[pri:0, instance:musala.test.TestCases@7161d8d1]" started-at="2024-04-23T23:32:49 EEST" name="testCase1" description="Test1 description" data-provider="jason_parsing" finished-at="2024-04-23T23:32:50 EEST" duration-ms="1182" status="PASS">
          <params>
            <param index="0">
              <value>
                <![CDATA[test.test]]>
              </value>
            </param>
          </params>
          <reporter-output>
          </reporter-output>
        </test-method> <!-- testCase1 -->
        <test-method is-config="true" signature="afterClass()[pri:0, instance:musala.test.TestCases@7161d8d1]" started-at="2024-04-23T23:32:50 EEST" name="afterClass" finished-at="2024-04-23T23:32:51 EEST" duration-ms="123" status="PASS">
          <reporter-output>
          </reporter-output>
        </test-method> <!-- afterClass -->
        <test-method is-config="true" signature="initialize(java.lang.String,java.lang.String)[pri:0, instance:musala.test.TestCases@7161d8d1]" started-at="2024-04-23T23:32:51 EEST" name="initialize" finished-at="2024-04-23T23:32:56 EEST" duration-ms="5272" status="PASS">
          <params>
            <param index="0">
              <value>
                <![CDATA[chrome]]>
              </value>
            </param>
            <param index="1">
              <value>
                <![CDATA[https://www.musala.com/]]>
              </value>
            </param>
          </params>
          <reporter-output>
          </reporter-output>
        </test-method> <!-- initialize -->
        <test-method signature="testCase1(java.lang.String)[pri:0, instance:musala.test.TestCases@7161d8d1]" started-at="2024-04-23T23:32:56 EEST" name="testCase1" description="Test1 description" data-provider="jason_parsing" finished-at="2024-04-23T23:32:57 EEST" duration-ms="647" status="PASS">
          <params>
            <param index="0">
              <value>
                <![CDATA[test@test]]>
              </value>
            </param>
          </params>
          <reporter-output>
          </reporter-output>
        </test-method> <!-- testCase1 -->
        <test-method is-config="true" signature="afterClass()[pri:0, instance:musala.test.TestCases@7161d8d1]" started-at="2024-04-23T23:32:57 EEST" name="afterClass" finished-at="2024-04-23T23:32:57 EEST" duration-ms="109" status="PASS">
          <reporter-output>
          </reporter-output>
        </test-method> <!-- afterClass -->
        <test-method is-config="true" signature="initialize(java.lang.String,java.lang.String)[pri:0, instance:musala.test.TestCases@7161d8d1]" started-at="2024-04-23T23:32:57 EEST" name="initialize" finished-at="2024-04-23T23:33:02 EEST" duration-ms="5736" status="PASS">
          <params>
            <param index="0">
              <value>
                <![CDATA[chrome]]>
              </value>
            </param>
            <param index="1">
              <value>
                <![CDATA[https://www.musala.com/]]>
              </value>
            </param>
          </params>
          <reporter-output>
          </reporter-output>
        </test-method> <!-- initialize -->
        <test-method signature="testCase1(java.lang.String)[pri:0, instance:musala.test.TestCases@7161d8d1]" started-at="2024-04-23T23:33:02 EEST" name="testCase1" description="Test1 description" data-provider="jason_parsing" finished-at="2024-04-23T23:33:03 EEST" duration-ms="473" status="PASS">
          <params>
            <param index="0">
              <value>
                <![CDATA[test@1234]]>
              </value>
            </param>
          </params>
          <reporter-output>
          </reporter-output>
        </test-method> <!-- testCase1 -->
        <test-method is-config="true" signature="afterClass()[pri:0, instance:musala.test.TestCases@7161d8d1]" started-at="2024-04-23T23:33:03 EEST" name="afterClass" finished-at="2024-04-23T23:33:03 EEST" duration-ms="101" status="PASS">
          <reporter-output>
          </reporter-output>
        </test-method> <!-- afterClass -->
        <test-method is-config="true" signature="initialize(java.lang.String,java.lang.String)[pri:0, instance:musala.test.TestCases@7161d8d1]" started-at="2024-04-23T23:33:03 EEST" name="initialize" finished-at="2024-04-23T23:33:08 EEST" duration-ms="5216" status="PASS">
          <params>
            <param index="0">
              <value>
                <![CDATA[chrome]]>
              </value>
            </param>
            <param index="1">
              <value>
                <![CDATA[https://www.musala.com/]]>
              </value>
            </param>
          </params>
          <reporter-output>
          </reporter-output>
        </test-method> <!-- initialize -->
        <test-method signature="testCase1(java.lang.String)[pri:0, instance:musala.test.TestCases@7161d8d1]" started-at="2024-04-23T23:33:08 EEST" name="testCase1" description="Test1 description" data-provider="jason_parsing" finished-at="2024-04-23T23:33:10 EEST" duration-ms="1618" status="PASS">
          <params>
            <param index="0">
              <value>
                <![CDATA[test]]>
              </value>
            </param>
          </params>
          <reporter-output>
          </reporter-output>
        </test-method> <!-- testCase1 -->
        <test-method is-config="true" signature="afterClass()[pri:0, instance:musala.test.TestCases@7161d8d1]" started-at="2024-04-23T23:33:10 EEST" name="afterClass" finished-at="2024-04-23T23:33:10 EEST" duration-ms="123" status="PASS">
          <reporter-output>
          </reporter-output>
        </test-method> <!-- afterClass -->
        <test-method is-config="true" signature="initialize(java.lang.String,java.lang.String)[pri:0, instance:musala.test.TestCases@7161d8d1]" started-at="2024-04-23T23:33:10 EEST" name="initialize" finished-at="2024-04-23T23:33:15 EEST" duration-ms="5337" status="PASS">
          <params>
            <param index="0">
              <value>
                <![CDATA[chrome]]>
              </value>
            </param>
            <param index="1">
              <value>
                <![CDATA[https://www.musala.com/]]>
              </value>
            </param>
          </params>
          <reporter-output>
          </reporter-output>
        </test-method> <!-- initialize -->
        <test-method signature="testCase1(java.lang.String)[pri:0, instance:musala.test.TestCases@7161d8d1]" started-at="2024-04-23T23:33:15 EEST" name="testCase1" description="Test1 description" data-provider="jason_parsing" finished-at="2024-04-23T23:33:16 EEST" duration-ms="660" status="PASS">
          <params>
            <param index="0">
              <value>
                <![CDATA[@#$@1]]>
              </value>
            </param>
          </params>
          <reporter-output>
          </reporter-output>
        </test-method> <!-- testCase1 -->
        <test-method is-config="true" signature="afterClass()[pri:0, instance:musala.test.TestCases@7161d8d1]" started-at="2024-04-23T23:33:16 EEST" name="afterClass" finished-at="2024-04-23T23:33:16 EEST" duration-ms="98" status="PASS">
          <reporter-output>
          </reporter-output>
        </test-method> <!-- afterClass -->
        <test-method is-config="true" signature="initialize(java.lang.String,java.lang.String)[pri:0, instance:musala.test.TestCases@7161d8d1]" started-at="2024-04-23T23:33:16 EEST" name="initialize" finished-at="2024-04-23T23:33:21 EEST" duration-ms="5446" status="PASS">
          <params>
            <param index="0">
              <value>
                <![CDATA[chrome]]>
              </value>
            </param>
            <param index="1">
              <value>
                <![CDATA[https://www.musala.com/]]>
              </value>
            </param>
          </params>
          <reporter-output>
          </reporter-output>
        </test-method> <!-- initialize -->
        <test-method signature="testCase2()[pri:0, instance:musala.test.TestCases@7161d8d1]" started-at="2024-04-23T23:33:21 EEST" name="testCase2" finished-at="2024-04-23T23:33:24 EEST" duration-ms="2757" status="PASS">
          <reporter-output>
          </reporter-output>
        </test-method> <!-- testCase2 -->
        <test-method is-config="true" signature="afterClass()[pri:0, instance:musala.test.TestCases@7161d8d1]" started-at="2024-04-23T23:33:24 EEST" name="afterClass" finished-at="2024-04-23T23:33:24 EEST" duration-ms="127" status="PASS">
          <reporter-output>
          </reporter-output>
        </test-method> <!-- afterClass -->
        <test-method is-config="true" signature="initialize(java.lang.String,java.lang.String)[pri:0, instance:musala.test.TestCases@7161d8d1]" started-at="2024-04-23T23:33:24 EEST" name="initialize" finished-at="2024-04-23T23:33:30 EEST" duration-ms="5903" status="PASS">
          <params>
            <param index="0">
              <value>
                <![CDATA[chrome]]>
              </value>
            </param>
            <param index="1">
              <value>
                <![CDATA[https://www.musala.com/]]>
              </value>
            </param>
          </params>
          <reporter-output>
          </reporter-output>
        </test-method> <!-- initialize -->
        <test-method signature="testCase3(java.lang.String,java.lang.String,java.lang.String,java.lang.String,java.lang.String,java.lang.String,java.lang.String,java.lang.String)[pri:0, instance:musala.test.TestCases@7161d8d1]" started-at="2024-04-23T23:33:30 EEST" name="testCase3" data-provider="applyData" finished-at="2024-04-23T23:33:38 EEST" duration-ms="8268" status="PASS">
          <params>
            <param index="0">
              <value>
                <![CDATA[Kaloyan]]>
              </value>
            </param>
            <param index="1">
              <value>
                <![CDATA[kaloyan.dzhongov@gmail.com]]>
              </value>
            </param>
            <param index="2">
              <value>
                <![CDATA[0888033498]]>
              </value>
            </param>
            <param index="3">
              <value>
                <![CDATA[www.linkedin.com/in/kaloyan-dzhongov-360603132]]>
              </value>
            </param>
            <param index="4">
              <value>
                <![CDATA[Test Message]]>
              </value>
            </param>
            <param index="5">
              <value>
                <![CDATA[]]>
              </value>
            </param>
            <param index="6">
              <value>
                <![CDATA[]]>
              </value>
            </param>
            <param index="7">
              <value>
                <![CDATA[]]>
              </value>
            </param>
          </params>
          <reporter-output>
          </reporter-output>
        </test-method> <!-- testCase3 -->
        <test-method is-config="true" signature="afterClass()[pri:0, instance:musala.test.TestCases@7161d8d1]" started-at="2024-04-23T23:33:38 EEST" name="afterClass" finished-at="2024-04-23T23:33:39 EEST" duration-ms="141" status="PASS">
          <reporter-output>
          </reporter-output>
        </test-method> <!-- afterClass -->
        <test-method is-config="true" signature="initialize(java.lang.String,java.lang.String)[pri:0, instance:musala.test.TestCases@7161d8d1]" started-at="2024-04-23T23:33:39 EEST" name="initialize" finished-at="2024-04-23T23:33:44 EEST" duration-ms="5688" status="PASS">
          <params>
            <param index="0">
              <value>
                <![CDATA[chrome]]>
              </value>
            </param>
            <param index="1">
              <value>
                <![CDATA[https://www.musala.com/]]>
              </value>
            </param>
          </params>
          <reporter-output>
          </reporter-output>
        </test-method> <!-- initialize -->
        <test-method signature="testCase3(java.lang.String,java.lang.String,java.lang.String,java.lang.String,java.lang.String,java.lang.String,java.lang.String,java.lang.String)[pri:0, instance:musala.test.TestCases@7161d8d1]" started-at="2024-04-23T23:33:44 EEST" name="testCase3" data-provider="applyData" finished-at="2024-04-23T23:33:52 EEST" duration-ms="8047" status="PASS">
          <params>
            <param index="0">
              <value>
                <![CDATA[]]>
              </value>
            </param>
            <param index="1">
              <value>
                <![CDATA[kaloyan.dzhongov@gmail]]>
              </value>
            </param>
            <param index="2">
              <value>
                <![CDATA[sa]]>
              </value>
            </param>
            <param index="3">
              <value>
                <![CDATA[]]>
              </value>
            </param>
            <param index="4">
              <value>
                <![CDATA[Test Message]]>
              </value>
            </param>
            <param index="5">
              <value>
                <![CDATA[The field is required.]]>
              </value>
            </param>
            <param index="6">
              <value>
                <![CDATA[]]>
              </value>
            </param>
            <param index="7">
              <value>
                <![CDATA[The telephone number is invalid.]]>
              </value>
            </param>
          </params>
          <reporter-output>
          </reporter-output>
        </test-method> <!-- testCase3 -->
        <test-method is-config="true" signature="afterClass()[pri:0, instance:musala.test.TestCases@7161d8d1]" started-at="2024-04-23T23:33:52 EEST" name="afterClass" finished-at="2024-04-23T23:33:53 EEST" duration-ms="150" status="PASS">
          <reporter-output>
          </reporter-output>
        </test-method> <!-- afterClass -->
        <test-method is-config="true" signature="initialize(java.lang.String,java.lang.String)[pri:0, instance:musala.test.TestCases@7161d8d1]" started-at="2024-04-23T23:33:53 EEST" name="initialize" finished-at="2024-04-23T23:33:58 EEST" duration-ms="5138" status="PASS">
          <params>
            <param index="0">
              <value>
                <![CDATA[chrome]]>
              </value>
            </param>
            <param index="1">
              <value>
                <![CDATA[https://www.musala.com/]]>
              </value>
            </param>
          </params>
          <reporter-output>
          </reporter-output>
        </test-method> <!-- initialize -->
        <test-method signature="testCase3(java.lang.String,java.lang.String,java.lang.String,java.lang.String,java.lang.String,java.lang.String,java.lang.String,java.lang.String)[pri:0, instance:musala.test.TestCases@7161d8d1]" started-at="2024-04-23T23:33:58 EEST" name="testCase3" data-provider="applyData" finished-at="2024-04-23T23:34:06 EEST" duration-ms="8687" status="PASS">
          <params>
            <param index="0">
              <value>
                <![CDATA[Kaloyan]]>
              </value>
            </param>
            <param index="1">
              <value>
                <![CDATA[]]>
              </value>
            </param>
            <param index="2">
              <value>
                <![CDATA[0888033498]]>
              </value>
            </param>
            <param index="3">
              <value>
                <![CDATA[www.linkedin.com/in/kaloyan-dzhongov-360603132]]>
              </value>
            </param>
            <param index="4">
              <value>
                <![CDATA[]]>
              </value>
            </param>
            <param index="5">
              <value>
                <![CDATA[]]>
              </value>
            </param>
            <param index="6">
              <value>
                <![CDATA[The field is required.]]>
              </value>
            </param>
            <param index="7">
              <value>
                <![CDATA[]]>
              </value>
            </param>
          </params>
          <reporter-output>
          </reporter-output>
        </test-method> <!-- testCase3 -->
        <test-method is-config="true" signature="afterClass()[pri:0, instance:musala.test.TestCases@7161d8d1]" started-at="2024-04-23T23:34:06 EEST" name="afterClass" finished-at="2024-04-23T23:34:06 EEST" duration-ms="123" status="PASS">
          <reporter-output>
          </reporter-output>
        </test-method> <!-- afterClass -->
        <test-method is-config="true" signature="initialize(java.lang.String,java.lang.String)[pri:0, instance:musala.test.TestCases@7161d8d1]" started-at="2024-04-23T23:34:06 EEST" name="initialize" finished-at="2024-04-23T23:34:12 EEST" duration-ms="5491" status="PASS">
          <params>
            <param index="0">
              <value>
                <![CDATA[chrome]]>
              </value>
            </param>
            <param index="1">
              <value>
                <![CDATA[https://www.musala.com/]]>
              </value>
            </param>
          </params>
          <reporter-output>
          </reporter-output>
        </test-method> <!-- initialize -->
        <test-method signature="testCase3(java.lang.String,java.lang.String,java.lang.String,java.lang.String,java.lang.String,java.lang.String,java.lang.String,java.lang.String)[pri:0, instance:musala.test.TestCases@7161d8d1]" started-at="2024-04-23T23:34:12 EEST" name="testCase3" data-provider="applyData" finished-at="2024-04-23T23:34:21 EEST" duration-ms="8577" status="PASS">
          <params>
            <param index="0">
              <value>
                <![CDATA[Kaloyan]]>
              </value>
            </param>
            <param index="1">
              <value>
                <![CDATA[test@test]]>
              </value>
            </param>
            <param index="2">
              <value>
                <![CDATA[0888033498]]>
              </value>
            </param>
            <param index="3">
              <value>
                <![CDATA[www.linkedin.com/in/kaloyan-dzhongov-360603132]]>
              </value>
            </param>
            <param index="4">
              <value>
                <![CDATA[]]>
              </value>
            </param>
            <param index="5">
              <value>
                <![CDATA[]]>
              </value>
            </param>
            <param index="6">
              <value>
                <![CDATA[The e-mail address entered is invalid.]]>
              </value>
            </param>
            <param index="7">
              <value>
                <![CDATA[]]>
              </value>
            </param>
          </params>
          <reporter-output>
          </reporter-output>
        </test-method> <!-- testCase3 -->
        <test-method is-config="true" signature="afterClass()[pri:0, instance:musala.test.TestCases@7161d8d1]" started-at="2024-04-23T23:34:21 EEST" name="afterClass" finished-at="2024-04-23T23:34:21 EEST" duration-ms="150" status="PASS">
          <reporter-output>
          </reporter-output>
        </test-method> <!-- afterClass -->
        <test-method is-config="true" signature="initialize(java.lang.String,java.lang.String)[pri:0, instance:musala.test.TestCases@7161d8d1]" started-at="2024-04-23T23:34:21 EEST" name="initialize" finished-at="2024-04-23T23:34:26 EEST" duration-ms="5212" status="PASS">
          <params>
            <param index="0">
              <value>
                <![CDATA[chrome]]>
              </value>
            </param>
            <param index="1">
              <value>
                <![CDATA[https://www.musala.com/]]>
              </value>
            </param>
          </params>
          <reporter-output>
          </reporter-output>
        </test-method> <!-- initialize -->
        <test-method signature="testCase4()[pri:0, instance:musala.test.TestCases@7161d8d1]" started-at="2024-04-23T23:34:26 EEST" name="testCase4" finished-at="2024-04-23T23:34:34 EEST" duration-ms="8489" status="PASS">
          <reporter-output>
          </reporter-output>
        </test-method> <!-- testCase4 -->
        <test-method is-config="true" signature="afterClass()[pri:0, instance:musala.test.TestCases@7161d8d1]" started-at="2024-04-23T23:34:34 EEST" name="afterClass" finished-at="2024-04-23T23:34:35 EEST" duration-ms="127" status="PASS">
          <reporter-output>
          </reporter-output>
        </test-method> <!-- afterClass -->
      </class> <!-- musala.test.TestCases -->
    </test> <!-- TestChrome -->
  </suite> <!-- Tests -->
</testng-results>
